[2020-04-24 08:32:10,098] multiqc                                            [DEBUG  ]  No MultiQC config found: /usr/local/lib/python2.7/dist-packages/multiqc_config.yaml
[2020-04-24 08:32:10,099] multiqc                                            [DEBUG  ]  No MultiQC config found: /home/jirinovo/.multiqc_config.yaml
[2020-04-24 08:32:10,099] multiqc                                            [DEBUG  ]  No MultiQC config found: multiqc_config.yaml
[2020-04-24 08:32:10,099] multiqc                                            [DEBUG  ]  Command used: /usr/local/bin/multiqc --outdir multiqc --filename multiqc_trimmed.html fastqc logs/SRR1039508_trimmomatic.log logs/SRR1039509_trimmomatic.log logs/SRR1039512_trimmomatic.log logs/SRR1039513_trimmomatic.log
[2020-04-24 08:32:10,336] multiqc                                            [WARNING]  MultiQC Version v1.8 now available!
[2020-04-24 08:32:10,336] multiqc                                            [INFO   ]  This is MultiQC v1.7
[2020-04-24 08:32:10,337] multiqc                                            [DEBUG  ]  Command     : /usr/local/bin/multiqc --outdir multiqc --filename multiqc_trimmed.html fastqc logs/SRR1039508_trimmomatic.log logs/SRR1039509_trimmomatic.log logs/SRR1039512_trimmomatic.log logs/SRR1039513_trimmomatic.log
[2020-04-24 08:32:10,337] multiqc                                            [DEBUG  ]  Working dir : /data/persistent/jirinovo/AGE2020/Exercises/E07-RNA_seq/01_quality_control
[2020-04-24 08:32:10,337] multiqc                                            [INFO   ]  Template    : default
[2020-04-24 08:32:10,337] multiqc                                            [INFO   ]  Searching 'fastqc'
[2020-04-24 08:32:10,337] multiqc                                            [INFO   ]  Searching 'logs/SRR1039508_trimmomatic.log'
[2020-04-24 08:32:10,337] multiqc                                            [INFO   ]  Searching 'logs/SRR1039509_trimmomatic.log'
[2020-04-24 08:32:10,337] multiqc                                            [INFO   ]  Searching 'logs/SRR1039512_trimmomatic.log'
[2020-04-24 08:32:10,338] multiqc                                            [INFO   ]  Searching 'logs/SRR1039513_trimmomatic.log'
[2020-04-24 08:32:10,339] multiqc                                            [DEBUG  ]  Analysing modules: custom_content, conpair, peddy, methylQA, phantompeakqualtools, qualimap, preseq, quast, qorts, rna_seqc, rsem, rseqc, busco, goleft_indexcov, disambiguate, supernova, deeptools, sargasso, verifybamid, mirtrace, happy, homer, macs2, theta2, snpeff, gatk, htseq, bcftools, featureCounts, dedup, damageprofiler, picard, prokka, samblaster, samtools, bamtools, jellyfish, vcftools, longranger, stacks, bbmap, bismark, biscuit, hicexplorer, hicup, hicpro, salmon, kallisto, slamdunk, star, hisat2, tophat, bowtie2, bowtie1, kat, leehom, adapterRemoval, clipandmerge, cutadapt, flexbar, trimmomatic, skewer, sortmerna, biobloomtools, fastq_screen, afterqc, fastp, fastqc, minionqc, clusterflow, bcl2fastq, interop, flash
[2020-04-24 08:32:10,339] multiqc                                            [DEBUG  ]  Using temporary directory for creating report: /tmp/tmpFCChpE
[2020-04-24 08:32:10,434] multiqc                                            [DEBUG  ]  Ignoring file as matched an ignore pattern: SRR1039509_subset_trimmomatic_2P_fastqc.html
[2020-04-24 08:32:10,434] multiqc                                            [DEBUG  ]  Ignoring file as matched an ignore pattern: SRR1039512_subset_trimmomatic_1P_fastqc.html
[2020-04-24 08:32:10,435] multiqc                                            [DEBUG  ]  Ignoring file as matched an ignore pattern: SRR1039509_1_subset_fastqc.html
[2020-04-24 08:32:10,435] multiqc                                            [DEBUG  ]  Ignoring file as matched an ignore pattern: SRR1039512_1_subset_fastqc.html
[2020-04-24 08:32:10,435] multiqc                                            [DEBUG  ]  Ignoring file as matched an ignore pattern: SRR1039513_1_subset_fastqc.html
[2020-04-24 08:32:10,454] multiqc                                            [DEBUG  ]  Ignoring file as matched an ignore pattern: SRR1039508_2_subset_fastqc.html
[2020-04-24 08:32:10,455] multiqc                                            [DEBUG  ]  Ignoring file as matched an ignore pattern: SRR1039513_2_subset_fastqc.html
[2020-04-24 08:32:10,456] multiqc                                            [DEBUG  ]  Ignoring file as matched an ignore pattern: SRR1039508_1_subset_fastqc.html
[2020-04-24 08:32:10,457] multiqc                                            [DEBUG  ]  Ignoring file as matched an ignore pattern: SRR1039509_subset_trimmomatic_1P_fastqc.html
[2020-04-24 08:32:10,458] multiqc                                            [DEBUG  ]  Ignoring file as matched an ignore pattern: SRR1039509_2_subset_fastqc.html
[2020-04-24 08:32:10,458] multiqc                                            [DEBUG  ]  Ignoring file as matched an ignore pattern: SRR1039513_subset_trimmomatic_1P_fastqc.html
[2020-04-24 08:32:10,458] multiqc                                            [DEBUG  ]  Ignoring file as matched an ignore pattern: SRR1039508_subset_trimmomatic_1P_fastqc.html
[2020-04-24 08:32:10,458] multiqc                                            [DEBUG  ]  Ignoring file as matched an ignore pattern: SRR1039508_subset_trimmomatic_2P_fastqc.html
[2020-04-24 08:32:10,460] multiqc                                            [DEBUG  ]  Ignoring file as matched an ignore pattern: SRR1039512_2_subset_fastqc.html
[2020-04-24 08:32:10,460] multiqc                                            [DEBUG  ]  Ignoring file as matched an ignore pattern: SRR1039512_subset_trimmomatic_2P_fastqc.html
[2020-04-24 08:32:10,460] multiqc                                            [DEBUG  ]  Ignoring file as matched an ignore pattern: SRR1039513_subset_trimmomatic_2P_fastqc.html
[2020-04-24 08:32:11,476] multiqc                                            [DEBUG  ]  No samples found: custom_content
[2020-04-24 08:32:11,479] multiqc                                            [DEBUG  ]  No samples found: conpair
[2020-04-24 08:32:11,482] multiqc                                            [DEBUG  ]  No samples found: peddy
[2020-04-24 08:32:11,485] multiqc                                            [DEBUG  ]  No samples found: methylQA
[2020-04-24 08:32:11,488] multiqc                                            [DEBUG  ]  No samples found: phantompeakqualtools
[2020-04-24 08:32:11,491] multiqc                                            [DEBUG  ]  No samples found: qualimap
[2020-04-24 08:32:11,495] multiqc                                            [DEBUG  ]  No samples found: preseq
[2020-04-24 08:32:11,498] multiqc                                            [DEBUG  ]  No samples found: quast
[2020-04-24 08:32:11,501] multiqc                                            [DEBUG  ]  No samples found: qorts
[2020-04-24 08:32:11,504] multiqc                                            [DEBUG  ]  No samples found: rna_seqc
[2020-04-24 08:32:11,507] multiqc                                            [DEBUG  ]  No samples found: rsem
[2020-04-24 08:32:11,511] multiqc                                            [DEBUG  ]  No samples found: rseqc
[2020-04-24 08:32:11,513] multiqc                                            [DEBUG  ]  No samples found: busco
[2020-04-24 08:32:11,516] multiqc                                            [DEBUG  ]  No samples found: goleft_indexcov
[2020-04-24 08:32:11,519] multiqc                                            [DEBUG  ]  No samples found: disambiguate
[2020-04-24 08:32:11,522] multiqc                                            [DEBUG  ]  No samples found: supernova
[2020-04-24 08:32:11,526] multiqc                                            [DEBUG  ]  No samples found: deeptools
[2020-04-24 08:32:11,529] multiqc                                            [DEBUG  ]  No samples found: sargasso
[2020-04-24 08:32:11,531] multiqc                                            [DEBUG  ]  No samples found: verifybamid
[2020-04-24 08:32:11,534] multiqc                                            [DEBUG  ]  No samples found: mirtrace
[2020-04-24 08:32:11,537] multiqc                                            [DEBUG  ]  No samples found: happy
[2020-04-24 08:32:11,541] multiqc                                            [DEBUG  ]  No samples found: homer
[2020-04-24 08:32:11,543] multiqc                                            [DEBUG  ]  No samples found: macs2
[2020-04-24 08:32:11,546] multiqc                                            [DEBUG  ]  No samples found: theta2
[2020-04-24 08:32:11,549] multiqc                                            [DEBUG  ]  No samples found: snpeff
[2020-04-24 08:32:11,552] multiqc                                            [DEBUG  ]  No samples found: gatk
[2020-04-24 08:32:11,555] multiqc                                            [DEBUG  ]  No samples found: htseq
[2020-04-24 08:32:11,558] multiqc                                            [DEBUG  ]  No samples found: bcftools
[2020-04-24 08:32:11,561] multiqc                                            [DEBUG  ]  No samples found: featureCounts
[2020-04-24 08:32:11,563] multiqc                                            [DEBUG  ]  No samples found: dedup
[2020-04-24 08:32:11,566] multiqc                                            [DEBUG  ]  No samples found: damageprofiler
[2020-04-24 08:32:11,571] multiqc                                            [DEBUG  ]  No samples found: picard
[2020-04-24 08:32:11,574] multiqc                                            [DEBUG  ]  No samples found: prokka
[2020-04-24 08:32:11,576] multiqc                                            [DEBUG  ]  No samples found: samblaster
[2020-04-24 08:32:11,580] multiqc                                            [DEBUG  ]  No samples found: samtools
[2020-04-24 08:32:11,583] multiqc                                            [DEBUG  ]  No samples found: bamtools
[2020-04-24 08:32:11,585] multiqc                                            [DEBUG  ]  No samples found: jellyfish
[2020-04-24 08:32:11,588] multiqc                                            [DEBUG  ]  No samples found: vcftools
[2020-04-24 08:32:11,591] multiqc                                            [DEBUG  ]  No samples found: longranger
[2020-04-24 08:32:11,604] multiqc                                            [DEBUG  ]  No samples found: stacks
[2020-04-24 08:32:11,614] multiqc                                            [DEBUG  ]  No samples found: bbmap
[2020-04-24 08:32:11,621] multiqc                                            [DEBUG  ]  No samples found: bismark
[2020-04-24 08:32:11,627] multiqc                                            [DEBUG  ]  No samples found: biscuit
[2020-04-24 08:32:11,631] multiqc                                            [DEBUG  ]  No samples found: hicexplorer
[2020-04-24 08:32:11,634] multiqc                                            [DEBUG  ]  No samples found: hicup
[2020-04-24 08:32:11,637] multiqc                                            [DEBUG  ]  No samples found: hicpro
[2020-04-24 08:32:11,640] multiqc                                            [DEBUG  ]  No samples found: salmon
[2020-04-24 08:32:11,643] multiqc                                            [DEBUG  ]  No samples found: kallisto
[2020-04-24 08:32:11,646] multiqc                                            [DEBUG  ]  No samples found: slamdunk
[2020-04-24 08:32:11,649] multiqc                                            [DEBUG  ]  No samples found: star
[2020-04-24 08:32:11,651] multiqc                                            [DEBUG  ]  No samples found: hisat2
[2020-04-24 08:32:11,654] multiqc                                            [DEBUG  ]  No samples found: tophat
[2020-04-24 08:32:11,657] multiqc                                            [DEBUG  ]  No samples found: bowtie2
[2020-04-24 08:32:11,660] multiqc                                            [DEBUG  ]  No samples found: bowtie1
[2020-04-24 08:32:11,663] multiqc                                            [DEBUG  ]  No samples found: kat
[2020-04-24 08:32:11,666] multiqc                                            [DEBUG  ]  No samples found: leehom
[2020-04-24 08:32:11,669] multiqc                                            [DEBUG  ]  No samples found: adapterRemoval
[2020-04-24 08:32:11,671] multiqc                                            [DEBUG  ]  No samples found: clipandmerge
[2020-04-24 08:32:11,674] multiqc                                            [DEBUG  ]  No samples found: cutadapt
[2020-04-24 08:32:11,677] multiqc                                            [DEBUG  ]  No samples found: flexbar
[2020-04-24 08:32:11,693] multiqc.modules.trimmomatic.trimmomatic            [INFO   ]  Found 4 logs
[2020-04-24 08:32:11,707] multiqc                                            [DEBUG  ]  No samples found: skewer
[2020-04-24 08:32:11,713] multiqc                                            [DEBUG  ]  No samples found: sortmerna
[2020-04-24 08:32:11,717] multiqc                                            [DEBUG  ]  No samples found: biobloomtools
[2020-04-24 08:32:11,720] multiqc                                            [DEBUG  ]  No samples found: fastq_screen
[2020-04-24 08:32:11,724] multiqc                                            [DEBUG  ]  No samples found: afterqc
[2020-04-24 08:32:11,727] multiqc                                            [DEBUG  ]  No samples found: fastp
[2020-04-24 08:32:11,976] multiqc.modules.fastqc.fastqc                      [INFO   ]  Found 16 reports
[2020-04-24 08:32:12,094] multiqc                                            [DEBUG  ]  No samples found: minionqc
[2020-04-24 08:32:12,101] multiqc                                            [DEBUG  ]  No samples found: clusterflow
[2020-04-24 08:32:12,107] multiqc                                            [DEBUG  ]  No samples found: bcl2fastq
[2020-04-24 08:32:12,115] multiqc                                            [DEBUG  ]  No samples found: interop
[2020-04-24 08:32:12,123] multiqc                                            [DEBUG  ]  No samples found: flash
[2020-04-24 08:32:12,151] multiqc                                            [INFO   ]  Compressing plot data
[2020-04-24 08:32:12,683] multiqc                                            [INFO   ]  Report      : multiqc/multiqc_trimmed.html
[2020-04-24 08:32:12,683] multiqc                                            [INFO   ]  Data        : multiqc/multiqc_trimmed_data
[2020-04-24 08:32:12,685] multiqc                                            [DEBUG  ]  Moving data file from '/tmp/tmpFCChpE/multiqc_data/multiqc_fastqc.txt' to 'multiqc/multiqc_trimmed_data'
[2020-04-24 08:32:12,691] multiqc                                            [DEBUG  ]  Moving data file from '/tmp/tmpFCChpE/multiqc_data/multiqc_data.json' to 'multiqc/multiqc_trimmed_data'
[2020-04-24 08:32:12,706] multiqc                                            [DEBUG  ]  Moving data file from '/tmp/tmpFCChpE/multiqc_data/multiqc_sources.txt' to 'multiqc/multiqc_trimmed_data'
[2020-04-24 08:32:12,712] multiqc                                            [DEBUG  ]  Moving data file from '/tmp/tmpFCChpE/multiqc_data/multiqc_trimmomatic.txt' to 'multiqc/multiqc_trimmed_data'
[2020-04-24 08:32:12,720] multiqc                                            [DEBUG  ]  Moving data file from '/tmp/tmpFCChpE/multiqc_data/multiqc_general_stats.txt' to 'multiqc/multiqc_trimmed_data'
[2020-04-24 08:32:12,919] multiqc                                            [INFO   ]  MultiQC complete
