[2020-04-24 07:39:29,153] multiqc                                            [DEBUG  ]  No MultiQC config found: /usr/local/lib/python2.7/dist-packages/multiqc_config.yaml
[2020-04-24 07:39:29,153] multiqc                                            [DEBUG  ]  No MultiQC config found: /home/jirinovo/.multiqc_config.yaml
[2020-04-24 07:39:29,153] multiqc                                            [DEBUG  ]  No MultiQC config found: multiqc_config.yaml
[2020-04-24 07:39:29,154] multiqc                                            [DEBUG  ]  Command used: /usr/local/bin/multiqc --outdir multiqc --filename multiqc_raw.html fastqc
[2020-04-24 07:39:29,377] multiqc                                            [WARNING]  MultiQC Version v1.8 now available!
[2020-04-24 07:39:29,378] multiqc                                            [INFO   ]  This is MultiQC v1.7
[2020-04-24 07:39:29,378] multiqc                                            [DEBUG  ]  Command     : /usr/local/bin/multiqc --outdir multiqc --filename multiqc_raw.html fastqc
[2020-04-24 07:39:29,378] multiqc                                            [DEBUG  ]  Working dir : /data/persistent/jirinovo/AGE2020/Exercises/E07-RNA_seq/01_quality_control
[2020-04-24 07:39:29,378] multiqc                                            [INFO   ]  Template    : default
[2020-04-24 07:39:29,378] multiqc                                            [INFO   ]  Searching 'fastqc'
[2020-04-24 07:39:29,379] multiqc                                            [DEBUG  ]  Analysing modules: custom_content, conpair, peddy, methylQA, phantompeakqualtools, qualimap, preseq, quast, qorts, rna_seqc, rsem, rseqc, busco, goleft_indexcov, disambiguate, supernova, deeptools, sargasso, verifybamid, mirtrace, happy, homer, macs2, theta2, snpeff, gatk, htseq, bcftools, featureCounts, dedup, damageprofiler, picard, prokka, samblaster, samtools, bamtools, jellyfish, vcftools, longranger, stacks, bbmap, bismark, biscuit, hicexplorer, hicup, hicpro, salmon, kallisto, slamdunk, star, hisat2, tophat, bowtie2, bowtie1, kat, leehom, adapterRemoval, clipandmerge, cutadapt, flexbar, trimmomatic, skewer, sortmerna, biobloomtools, fastq_screen, afterqc, fastp, fastqc, minionqc, clusterflow, bcl2fastq, interop, flash
[2020-04-24 07:39:29,380] multiqc                                            [DEBUG  ]  Using temporary directory for creating report: /tmp/tmps5zktI
[2020-04-24 07:39:29,514] multiqc                                            [DEBUG  ]  Ignoring file as matched an ignore pattern: SRR1039509_1_subset_fastqc.html
[2020-04-24 07:39:29,515] multiqc                                            [DEBUG  ]  Ignoring file as matched an ignore pattern: SRR1039512_1_subset_fastqc.html
[2020-04-24 07:39:29,515] multiqc                                            [DEBUG  ]  Ignoring file as matched an ignore pattern: SRR1039513_1_subset_fastqc.html
[2020-04-24 07:39:29,532] multiqc                                            [DEBUG  ]  Ignoring file as matched an ignore pattern: SRR1039508_2_subset_fastqc.html
[2020-04-24 07:39:29,532] multiqc                                            [DEBUG  ]  Ignoring file as matched an ignore pattern: SRR1039513_2_subset_fastqc.html
[2020-04-24 07:39:29,533] multiqc                                            [DEBUG  ]  Ignoring file as matched an ignore pattern: SRR1039508_1_subset_fastqc.html
[2020-04-24 07:39:29,536] multiqc                                            [DEBUG  ]  Ignoring file as matched an ignore pattern: SRR1039509_2_subset_fastqc.html
[2020-04-24 07:39:29,538] multiqc                                            [DEBUG  ]  Ignoring file as matched an ignore pattern: SRR1039512_2_subset_fastqc.html
[2020-04-24 07:39:29,777] multiqc                                            [DEBUG  ]  No samples found: custom_content
[2020-04-24 07:39:29,781] multiqc                                            [DEBUG  ]  No samples found: conpair
[2020-04-24 07:39:29,784] multiqc                                            [DEBUG  ]  No samples found: peddy
[2020-04-24 07:39:29,793] multiqc                                            [DEBUG  ]  No samples found: methylQA
[2020-04-24 07:39:29,796] multiqc                                            [DEBUG  ]  No samples found: phantompeakqualtools
[2020-04-24 07:39:29,800] multiqc                                            [DEBUG  ]  No samples found: qualimap
[2020-04-24 07:39:29,803] multiqc                                            [DEBUG  ]  No samples found: preseq
[2020-04-24 07:39:29,806] multiqc                                            [DEBUG  ]  No samples found: quast
[2020-04-24 07:39:29,809] multiqc                                            [DEBUG  ]  No samples found: qorts
[2020-04-24 07:39:29,812] multiqc                                            [DEBUG  ]  No samples found: rna_seqc
[2020-04-24 07:39:29,815] multiqc                                            [DEBUG  ]  No samples found: rsem
[2020-04-24 07:39:29,818] multiqc                                            [DEBUG  ]  No samples found: rseqc
[2020-04-24 07:39:29,821] multiqc                                            [DEBUG  ]  No samples found: busco
[2020-04-24 07:39:29,824] multiqc                                            [DEBUG  ]  No samples found: goleft_indexcov
[2020-04-24 07:39:29,827] multiqc                                            [DEBUG  ]  No samples found: disambiguate
[2020-04-24 07:39:29,831] multiqc                                            [DEBUG  ]  No samples found: supernova
[2020-04-24 07:39:29,834] multiqc                                            [DEBUG  ]  No samples found: deeptools
[2020-04-24 07:39:29,837] multiqc                                            [DEBUG  ]  No samples found: sargasso
[2020-04-24 07:39:29,840] multiqc                                            [DEBUG  ]  No samples found: verifybamid
[2020-04-24 07:39:29,843] multiqc                                            [DEBUG  ]  No samples found: mirtrace
[2020-04-24 07:39:29,846] multiqc                                            [DEBUG  ]  No samples found: happy
[2020-04-24 07:39:29,849] multiqc                                            [DEBUG  ]  No samples found: homer
[2020-04-24 07:39:29,852] multiqc                                            [DEBUG  ]  No samples found: macs2
[2020-04-24 07:39:29,855] multiqc                                            [DEBUG  ]  No samples found: theta2
[2020-04-24 07:39:29,858] multiqc                                            [DEBUG  ]  No samples found: snpeff
[2020-04-24 07:39:29,862] multiqc                                            [DEBUG  ]  No samples found: gatk
[2020-04-24 07:39:29,865] multiqc                                            [DEBUG  ]  No samples found: htseq
[2020-04-24 07:39:29,868] multiqc                                            [DEBUG  ]  No samples found: bcftools
[2020-04-24 07:39:29,870] multiqc                                            [DEBUG  ]  No samples found: featureCounts
[2020-04-24 07:39:29,873] multiqc                                            [DEBUG  ]  No samples found: dedup
[2020-04-24 07:39:29,876] multiqc                                            [DEBUG  ]  No samples found: damageprofiler
[2020-04-24 07:39:29,881] multiqc                                            [DEBUG  ]  No samples found: picard
[2020-04-24 07:39:29,884] multiqc                                            [DEBUG  ]  No samples found: prokka
[2020-04-24 07:39:29,887] multiqc                                            [DEBUG  ]  No samples found: samblaster
[2020-04-24 07:39:29,890] multiqc                                            [DEBUG  ]  No samples found: samtools
[2020-04-24 07:39:29,893] multiqc                                            [DEBUG  ]  No samples found: bamtools
[2020-04-24 07:39:29,895] multiqc                                            [DEBUG  ]  No samples found: jellyfish
[2020-04-24 07:39:29,899] multiqc                                            [DEBUG  ]  No samples found: vcftools
[2020-04-24 07:39:29,902] multiqc                                            [DEBUG  ]  No samples found: longranger
[2020-04-24 07:39:29,905] multiqc                                            [DEBUG  ]  No samples found: stacks
[2020-04-24 07:39:29,909] multiqc                                            [DEBUG  ]  No samples found: bbmap
[2020-04-24 07:39:29,913] multiqc                                            [DEBUG  ]  No samples found: bismark
[2020-04-24 07:39:29,916] multiqc                                            [DEBUG  ]  No samples found: biscuit
[2020-04-24 07:39:29,919] multiqc                                            [DEBUG  ]  No samples found: hicexplorer
[2020-04-24 07:39:29,921] multiqc                                            [DEBUG  ]  No samples found: hicup
[2020-04-24 07:39:29,924] multiqc                                            [DEBUG  ]  No samples found: hicpro
[2020-04-24 07:39:29,927] multiqc                                            [DEBUG  ]  No samples found: salmon
[2020-04-24 07:39:29,929] multiqc                                            [DEBUG  ]  No samples found: kallisto
[2020-04-24 07:39:29,932] multiqc                                            [DEBUG  ]  No samples found: slamdunk
[2020-04-24 07:39:29,935] multiqc                                            [DEBUG  ]  No samples found: star
[2020-04-24 07:39:29,938] multiqc                                            [DEBUG  ]  No samples found: hisat2
[2020-04-24 07:39:29,941] multiqc                                            [DEBUG  ]  No samples found: tophat
[2020-04-24 07:39:29,944] multiqc                                            [DEBUG  ]  No samples found: bowtie2
[2020-04-24 07:39:29,947] multiqc                                            [DEBUG  ]  No samples found: bowtie1
[2020-04-24 07:39:29,950] multiqc                                            [DEBUG  ]  No samples found: kat
[2020-04-24 07:39:29,952] multiqc                                            [DEBUG  ]  No samples found: leehom
[2020-04-24 07:39:29,955] multiqc                                            [DEBUG  ]  No samples found: adapterRemoval
[2020-04-24 07:39:29,958] multiqc                                            [DEBUG  ]  No samples found: clipandmerge
[2020-04-24 07:39:29,961] multiqc                                            [DEBUG  ]  No samples found: cutadapt
[2020-04-24 07:39:29,964] multiqc                                            [DEBUG  ]  No samples found: flexbar
[2020-04-24 07:39:29,967] multiqc                                            [DEBUG  ]  No samples found: trimmomatic
[2020-04-24 07:39:29,970] multiqc                                            [DEBUG  ]  No samples found: skewer
[2020-04-24 07:39:29,972] multiqc                                            [DEBUG  ]  No samples found: sortmerna
[2020-04-24 07:39:29,979] multiqc                                            [DEBUG  ]  No samples found: biobloomtools
[2020-04-24 07:39:29,987] multiqc                                            [DEBUG  ]  No samples found: fastq_screen
[2020-04-24 07:39:29,991] multiqc                                            [DEBUG  ]  No samples found: afterqc
[2020-04-24 07:39:29,999] multiqc                                            [DEBUG  ]  No samples found: fastp
[2020-04-24 07:39:30,139] multiqc.modules.fastqc.fastqc                      [INFO   ]  Found 8 reports
[2020-04-24 07:39:30,236] multiqc                                            [DEBUG  ]  No samples found: minionqc
[2020-04-24 07:39:30,239] multiqc                                            [DEBUG  ]  No samples found: clusterflow
[2020-04-24 07:39:30,243] multiqc                                            [DEBUG  ]  No samples found: bcl2fastq
[2020-04-24 07:39:30,247] multiqc                                            [DEBUG  ]  No samples found: interop
[2020-04-24 07:39:30,251] multiqc                                            [DEBUG  ]  No samples found: flash
[2020-04-24 07:39:30,264] multiqc                                            [INFO   ]  Compressing plot data
[2020-04-24 07:39:30,584] multiqc                                            [INFO   ]  Report      : multiqc/multiqc_raw.html
[2020-04-24 07:39:30,584] multiqc                                            [INFO   ]  Data        : multiqc/multiqc_raw_data
[2020-04-24 07:39:30,585] multiqc                                            [DEBUG  ]  Moving data file from '/tmp/tmps5zktI/multiqc_data/multiqc_fastqc.txt' to 'multiqc/multiqc_raw_data'
[2020-04-24 07:39:30,593] multiqc                                            [DEBUG  ]  Moving data file from '/tmp/tmps5zktI/multiqc_data/multiqc_data.json' to 'multiqc/multiqc_raw_data'
[2020-04-24 07:39:30,604] multiqc                                            [DEBUG  ]  Moving data file from '/tmp/tmps5zktI/multiqc_data/multiqc_sources.txt' to 'multiqc/multiqc_raw_data'
[2020-04-24 07:39:30,610] multiqc                                            [DEBUG  ]  Moving data file from '/tmp/tmps5zktI/multiqc_data/multiqc_general_stats.txt' to 'multiqc/multiqc_raw_data'
[2020-04-24 07:39:30,737] multiqc                                            [INFO   ]  MultiQC complete
